This is pdfTeXk, Version 3.141592-1.40.3 (Web2C 7.5.6) (format=latex 2010.3.19)  22 MAR 2010 15:51
entering extended mode
 %&-line parsing enabled.
**textcase.dtx
(./textcase.dtx
LaTeX2e <2005/12/01>
Babel <v3.8h> and hyphenation patterns for english, usenglishmax, dumylang, noh
yphenation, loaded.
File: textcase.dtx 2004/10/07 v0.07 Text only upper/lower case changing (DPC)
(/usr/share/texmf-texlive/tex/latex/base/ltxdoc.cls
Document Class: ltxdoc 1999/08/08 v2.0u Standard LaTeX documentation class
(/usr/share/texmf-texlive/tex/latex/base/article.cls
Document Class: article 2005/09/16 v1.4f Standard LaTeX document class
(/usr/share/texmf-texlive/tex/latex/base/size10.clo
File: size10.clo 2005/09/16 v1.4f Standard LaTeX file (size option)
)
\c@part=\count79
\c@section=\count80
\c@subsection=\count81
\c@subsubsection=\count82
\c@paragraph=\count83
\c@subparagraph=\count84
\c@figure=\count85
\c@table=\count86
\abovecaptionskip=\skip41
\belowcaptionskip=\skip42
\bibindent=\dimen102
)
(/usr/share/texmf-texlive/tex/latex/base/doc.sty
Package: doc 2006/02/02 v2.1d Standard LaTeX documentation package (FMi)
\c@StandardModuleDepth=\count87
\guard@level=\count88
\MacrocodeTopsep=\skip43
\MacroIndent=\dimen103
\macro@cnt=\count89
\MacroTopsep=\skip44
\index@excludelist=\toks14

(/usr/share/texmf-texlive/tex/latex/tools/multicol.sty
Package: multicol 2006/05/18 v1.6g multicolumn formatting (FMi)
\c@tracingmulticols=\count90
\mult@box=\box26
\multicol@leftmargin=\dimen104
\c@unbalance=\count91
\c@collectmore=\count92
\doublecol@number=\count93
\multicoltolerance=\count94
\multicolpretolerance=\count95
\full@width=\dimen105
\page@free=\dimen106
\premulticols=\dimen107
\postmulticols=\dimen108
\multicolsep=\skip45
\multicolbaselineskip=\skip46
\partial@page=\box27
\last@line=\box28
\mult@rightbox=\box29
\mult@grightbox=\box30
\mult@gfirstbox=\box31
\mult@firstbox=\box32
\@tempa=\box33
\@tempa=\box34
\@tempa=\box35
\@tempa=\box36
\@tempa=\box37
\@tempa=\box38
\@tempa=\box39
\@tempa=\box40
\@tempa=\box41
\@tempa=\box42
\@tempa=\box43
\@tempa=\box44
\@tempa=\box45
\@tempa=\box46
\@tempa=\box47
\@tempa=\box48
\@tempa=\box49
\c@columnbadness=\count96
\c@finalcolumnbadness=\count97
\last@try=\dimen109
\multicolovershoot=\dimen110
\multicolundershoot=\dimen111
\mult@nat@firstbox=\box50
\colbreak@box=\box51
)
\IndexMin=\dimen112
\c@IndexColumns=\count98
\GlossaryMin=\dimen113
\c@GlossaryColumns=\count99
\check@sum=\count100
\bslash@cnt=\count101
\wrong@table=\toks15
\c@CodelineNo=\count102
)) (./textcase.sty
Package: textcase 2004/10/07 v0.07 Text only upper/lower case changing (DPC)
)
(./textcase.aux)
\openout1 = `textcase.aux'.

LaTeX Font Info:    Checking defaults for OML/cmm/m/it on input line 22.
LaTeX Font Info:    ... okay on input line 22.
LaTeX Font Info:    Checking defaults for T1/cmr/m/n on input line 22.
LaTeX Font Info:    ... okay on input line 22.
LaTeX Font Info:    Checking defaults for OT1/cmr/m/n on input line 22.
LaTeX Font Info:    ... okay on input line 22.
LaTeX Font Info:    Checking defaults for OMS/cmsy/m/n on input line 22.
LaTeX Font Info:    ... okay on input line 22.
LaTeX Font Info:    Checking defaults for OMX/cmex/m/n on input line 22.
LaTeX Font Info:    ... okay on input line 22.
LaTeX Font Info:    Checking defaults for U/cmr/m/n on input line 22.
LaTeX Font Info:    ... okay on input line 22.
Package doc Info: Made | a short reference for \verb on input line 22.
 (./textcase.dtx
File: textcase.dtx 2004/10/07 v0.07 Text only upper/lower case changing (DPC)
LaTeX Font Info:    External font `cmex10' loaded for size
(Font)              <17.28> on input line 59.
LaTeX Font Info:    External font `cmex10' loaded for size
(Font)              <12> on input line 59.
LaTeX Font Info:    External font `cmex10' loaded for size
(Font)              <8> on input line 59.
LaTeX Font Info:    External font `cmex10' loaded for size
(Font)              <6> on input line 59.
LaTeX Font Info:    External font `cmex10' loaded for size
(Font)              <5> on input line 59.
LaTeX Font Info:    External font `cmex10' loaded for size
(Font)              <7> on input line 71.
 [1

] [2]
LaTeX Font Info:    External font `cmex10' loaded for size
(Font)              <9> on input line 218.

Overfull \hbox (6.65703pt too wide) in paragraph at lines 221--227
[]\OT1/cmr/m/n/10 This is the main macro of this pack-age. It is ba-si-cally a 
copy of []\OT1/cmtt/m/n/10 \MakeTextUppercase
 []

[3] [4] [5]
*******************
* Checksum passed *
*******************
) [6] (./textcase.aux) ) 
Here is how much of TeX's memory you used:
 606 strings out of 95087
 7378 string characters out of 1183278
 58768 words of memory out of 1500000
 3829 multiletter control sequences out of 10000+50000
 11434 words of font info for 41 fonts, out of 1200000 for 2000
 28 hyphenation exceptions out of 8191
 30i,9n,21p,232b,342s stack positions out of 5000i,500n,6000p,200000b,5000s

Output written on textcase.dvi (6 pages, 14276 bytes).
