This is pdfTeXk, Version 3.141592-1.40.3 (Web2C 7.5.6) (format=latex 2010.3.19)  22 MAR 2010 15:25
entering extended mode
 %&-line parsing enabled.
**memoir.dtx
(./memoir.dtx
LaTeX2e <2005/12/01>
Babel <v3.8h> and hyphenation patterns for english, usenglishmax, dumylang, noh
yphenation, loaded.
(/usr/share/texmf-texlive/tex/latex/base/ltxdoc.cls
Document Class: ltxdoc 1999/08/08 v2.0u Standard LaTeX documentation class
(/usr/share/texmf-texlive/tex/latex/base/article.cls
Document Class: article 2005/09/16 v1.4f Standard LaTeX document class
(/usr/share/texmf-texlive/tex/latex/base/size10.clo
File: size10.clo 2005/09/16 v1.4f Standard LaTeX file (size option)
)
\c@part=\count79
\c@section=\count80
\c@subsection=\count81
\c@subsubsection=\count82
\c@paragraph=\count83
\c@subparagraph=\count84
\c@figure=\count85
\c@table=\count86
\abovecaptionskip=\skip41
\belowcaptionskip=\skip42
\bibindent=\dimen102
)
(/usr/share/texmf-texlive/tex/latex/base/doc.sty
Package: doc 2006/02/02 v2.1d Standard LaTeX documentation package (FMi)
\c@StandardModuleDepth=\count87
\guard@level=\count88
\MacrocodeTopsep=\skip43
\MacroIndent=\dimen103
\macro@cnt=\count89
\MacroTopsep=\skip44
\index@excludelist=\toks14

(/usr/share/texmf-texlive/tex/latex/tools/multicol.sty
Package: multicol 2006/05/18 v1.6g multicolumn formatting (FMi)
\c@tracingmulticols=\count90
\mult@box=\box26
\multicol@leftmargin=\dimen104
\c@unbalance=\count91
\c@collectmore=\count92
\doublecol@number=\count93
\multicoltolerance=\count94
\multicolpretolerance=\count95
\full@width=\dimen105
\page@free=\dimen106
\premulticols=\dimen107
\postmulticols=\dimen108
\multicolsep=\skip45
\multicolbaselineskip=\skip46
\partial@page=\box27
\last@line=\box28
\mult@rightbox=\box29
\mult@grightbox=\box30
\mult@gfirstbox=\box31
\mult@firstbox=\box32
\@tempa=\box33
\@tempa=\box34
\@tempa=\box35
\@tempa=\box36
\@tempa=\box37
\@tempa=\box38
\@tempa=\box39
\@tempa=\box40
\@tempa=\box41
\@tempa=\box42
\@tempa=\box43
\@tempa=\box44
\@tempa=\box45
\@tempa=\box46
\@tempa=\box47
\@tempa=\box48
\@tempa=\box49
\c@columnbadness=\count96
\c@finalcolumnbadness=\count97
\last@try=\dimen109
\multicolovershoot=\dimen110
\multicolundershoot=\dimen111
\mult@nat@firstbox=\box50
\colbreak@box=\box51
)
\IndexMin=\dimen112
\c@IndexColumns=\count98
\GlossaryMin=\dimen113
\c@GlossaryColumns=\count99
\check@sum=\count100
\bslash@cnt=\count101
\wrong@table=\toks15
\c@CodelineNo=\count102
))
(/usr/share/texmf-texlive/tex/latex/base/fontenc.sty
Package: fontenc 2005/09/27 v1.99g Standard LaTeX package

(/usr/share/texmf-texlive/tex/latex/base/t1enc.def
File: t1enc.def 2005/09/27 v1.99g Standard LaTeX file
LaTeX Font Info:    Redeclaring font encoding T1 on input line 43.
))
(/usr/share/texmf-texlive/tex/latex/ltxmisc/url.sty
\Urlmuskip=\muskip10
Package: url 2005/06/27  ver 3.2  Verb mode for urls, etc.
)
\@indexfile=\write3
\openout3 = `memoir.idx'.


Writing index file memoir.idx
(./memoir.aux)
\openout1 = `memoir.aux'.

LaTeX Font Info:    Checking defaults for OML/cmm/m/it on input line 286.
LaTeX Font Info:    ... okay on input line 286.
LaTeX Font Info:    Checking defaults for T1/cmr/m/n on input line 286.
LaTeX Font Info:    ... okay on input line 286.
LaTeX Font Info:    Checking defaults for OT1/cmr/m/n on input line 286.
LaTeX Font Info:    ... okay on input line 286.
LaTeX Font Info:    Checking defaults for OMS/cmsy/m/n on input line 286.
LaTeX Font Info:    ... okay on input line 286.
LaTeX Font Info:    Checking defaults for OMX/cmex/m/n on input line 286.
LaTeX Font Info:    ... okay on input line 286.
LaTeX Font Info:    Checking defaults for U/cmr/m/n on input line 286.
LaTeX Font Info:    ... okay on input line 286.
Package doc Info: Made | a short reference for \verb on input line 286.
Package doc Info: Deleted | as a short reference for \verb(*) on input line 287
.
 (./memoir.dtx
LaTeX Font Info:    Try loading font information for T1+cmss on input line 146.

 (/usr/share/texmf-texlive/tex/latex/base/t1cmss.fd
File: t1cmss.fd 1999/05/25 v2.5h Standard LaTeX font definitions
)
LaTeX Font Info:    External font `cmex10' loaded for size
(Font)              <17.28> on input line 146.
LaTeX Font Info:    External font `cmex10' loaded for size
(Font)              <12> on input line 146.
LaTeX Font Info:    External font `cmex10' loaded for size
(Font)              <8> on input line 146.
LaTeX Font Info:    External font `cmex10' loaded for size
(Font)              <6> on input line 146.
LaTeX Font Info:    External font `cmex10' loaded for size
(Font)              <5> on input line 146.
LaTeX Font Info:    Try loading font information for T1+cmtt on input line 146.

 (/usr/share/texmf-texlive/tex/latex/base/t1cmtt.fd
File: t1cmtt.fd 1999/05/25 v2.5h Standard LaTeX font definitions
) (./memoir.toc
LaTeX Font Info:    External font `cmex10' loaded for size
(Font)              <7> on input line 5.
 [1

]
[2] [3] [4] [5])
\tf@toc=\write4
\openout4 = `memoir.toc'.

 (./memoir.lot)
\tf@lot=\write5
\openout5 = `memoir.lot'.

 [6] [7]
LaTeX Font Info:    External font `cmex10' loaded for size
(Font)              <9> on input line 250.
 [8]
Overfull \hbox (49.17654pt too wide) in paragraph at lines 384--384
 [][]$\OMS/cmsy/m/n/9 h[]i$  \T1/cmtt/m/n/9 [2010/02/20 v1.618033988c configura
ble book, report, article document class] 
 []

[9] [10] [11] [12]
Overfull \hbox (38.29828pt too wide) in paragraph at lines 682--682
 [][]\T1/cmtt/m/n/9 \newcommand*{\memletcmdtxt}[2]{\expandafter\let\expandafter
#1\csname#2\endcsname} 
 []


Overfull \hbox (14.67905pt too wide) in paragraph at lines 682--682
 [][]\T1/cmtt/m/n/9 \newcommand*{\memlettxttxt}[1]{\expandafter\memletcmdtxt\cs
name#1\endcsname} 
 []

[13] [14] [15] [16] [17] [18] [19] [20] [21] [22] [23] [24] [25]
Overfull \hbox (0.5075pt too wide) in paragraph at lines 1695--1695
 [][]\T1/cmtt/m/n/9 \newcommand*{\stocksmalldemyvo} {\stockheight=8.5in  \stock
width=5.675in} 
 []


Overfull \hbox (5.23135pt too wide) in paragraph at lines 1718--1718
 [][]\T1/cmtt/m/n/9 \newcommand*{\stockdemyvo}      {\stockheight=8.75in  \stoc
kwidth=5.675in} 
 []


Overfull \hbox (0.5075pt too wide) in paragraph at lines 1718--1718
 [][]\T1/cmtt/m/n/9 \newcommand*{\stockmediumvo}    {\stockheight=9in     \stoc
kwidth=5.75in} 
 []


Overfull \hbox (5.23135pt too wide) in paragraph at lines 1718--1718
 [][]\T1/cmtt/m/n/9 \newcommand*{\stocksmallroyalvo}{\stockheight=9.25in  \stoc
kwidth=6.175in} 
 []


Overfull \hbox (0.5075pt too wide) in paragraph at lines 1718--1718
 [][]\T1/cmtt/m/n/9 \newcommand*{\stockroyalvo}     {\stockheight=10in    \stoc
kwidth=6.25in} 
 []


Overfull \hbox (0.5075pt too wide) in paragraph at lines 1718--1718
 [][]\T1/cmtt/m/n/9 \newcommand*{\stocksuperroyalvo}{\stockheight=10.25in \stoc
kwidth=6.75in} 
 []

[26] [27]
Overfull \hbox (0.5075pt too wide) in paragraph at lines 1870--1870
 [][]\T1/cmtt/m/n/9 \newcommand*{\pagedemyvo}      {\paperheight=8.75in  \paper
width=5.675in} 
 []


Overfull \hbox (0.5075pt too wide) in paragraph at lines 1870--1870
 [][]\T1/cmtt/m/n/9 \newcommand*{\pagesmallroyalvo}{\paperheight=9.25in  \paper
width=6.175in} 
 []

[28] [29]
Overfull \hbox (24.12674pt too wide) in paragraph at lines 2069--2069
 [][]\T1/cmtt/m/n/9 \DeclareOption{9pt}{\renewcommand*{\@ptsize}{9}\renewcomman
d*{\@memptsize}{9}} 
 []


Overfull \hbox (33.57443pt too wide) in paragraph at lines 2069--2069
 [][]\T1/cmtt/m/n/9 \DeclareOption{10pt}{\renewcommand*{\@ptsize}{0}\renewcomma
nd*{\@memptsize}{10}} 
 []


Overfull \hbox (33.57443pt too wide) in paragraph at lines 2069--2069
 [][]\T1/cmtt/m/n/9 \DeclareOption{11pt}{\renewcommand*{\@ptsize}{1}\renewcomma
nd*{\@memptsize}{11}} 
 []


Overfull \hbox (33.57443pt too wide) in paragraph at lines 2069--2069
 [][]\T1/cmtt/m/n/9 \DeclareOption{12pt}{\renewcommand*{\@ptsize}{2}\renewcomma
nd*{\@memptsize}{12}} 
 []


Overfull \hbox (33.57443pt too wide) in paragraph at lines 2069--2069
 [][]\T1/cmtt/m/n/9 \DeclareOption{14pt}{\renewcommand*{\@ptsize}{4}\renewcomma
nd*{\@memptsize}{14}} 
 []


Overfull \hbox (33.57443pt too wide) in paragraph at lines 2069--2069
 [][]\T1/cmtt/m/n/9 \DeclareOption{17pt}{\renewcommand*{\@ptsize}{7}\renewcomma
nd*{\@memptsize}{17}} 
 []


Overfull \hbox (38.29828pt too wide) in paragraph at lines 2069--2069
 [][]\T1/cmtt/m/n/9 \DeclareOption{20pt}{\renewcommand*{\@ptsize}{20}\renewcomm
and*{\@memptsize}{20}} 
 []


Overfull \hbox (38.29828pt too wide) in paragraph at lines 2069--2069
 [][]\T1/cmtt/m/n/9 \DeclareOption{25pt}{\renewcommand*{\@ptsize}{25}\renewcomm
and*{\@memptsize}{25}} 
 []


Overfull \hbox (38.29828pt too wide) in paragraph at lines 2069--2069
 [][]\T1/cmtt/m/n/9 \DeclareOption{30pt}{\renewcommand*{\@ptsize}{30}\renewcomm
and*{\@memptsize}{30}} 
 []


Overfull \hbox (38.29828pt too wide) in paragraph at lines 2069--2069
 [][]\T1/cmtt/m/n/9 \DeclareOption{36pt}{\renewcommand*{\@ptsize}{36}\renewcomm
and*{\@memptsize}{36}} 
 []


Overfull \hbox (38.29828pt too wide) in paragraph at lines 2069--2069
 [][]\T1/cmtt/m/n/9 \DeclareOption{48pt}{\renewcommand*{\@ptsize}{48}\renewcomm
and*{\@memptsize}{48}} 
 []


Overfull \hbox (38.29828pt too wide) in paragraph at lines 2069--2069
 [][]\T1/cmtt/m/n/9 \DeclareOption{60pt}{\renewcommand*{\@ptsize}{60}\renewcomm
and*{\@memptsize}{60}} 
 []

[30] [31] [32] [33] [34] [35]
Overfull \hbox (19.4029pt too wide) in paragraph at lines 2508--2508
 [][]      \T1/cmtt/m/n/9 \@memerror{The `extrafontsizes' option is required to
 use \MessageBreak 
 []

[36] [37] [38] [39] [40] [41] [42] [43] [44] [45] [46] [47] [48] [49] [50]
[51] [52] [53] [54] [55] [56] [57] [58] [59] [60] [61] [62] [63] [64] [65]
[66] [67] [68] [69] [70]
Overfull \hbox (57.19366pt too wide) in paragraph at lines 4745--4745
 [][]                        \T1/cmtt/m/n/9 are too large for \protect\stockwid
th\space (\the\stockwidth) 
 []

[71]
Overfull \hbox (57.19366pt too wide) in paragraph at lines 4745--4745
 [][]                        \T1/cmtt/m/n/9 are too large for \protect\paperwid
th\space (\the\paperwidth) 
 []


Overfull \hbox (66.64136pt too wide) in paragraph at lines 4745--4745
 [][]                        \T1/cmtt/m/n/9 are too large for \protect\stockhei
ght\space (\the\stockheight) 
 []


Overfull \hbox (5.23135pt too wide) in paragraph at lines 4745--4745
 [][]                        \T1/cmtt/m/n/9 \protect\textheight\space (\the\tex
theight) and/or 
 []


Overfull \hbox (66.64136pt too wide) in paragraph at lines 4745--4745
 [][]                        \T1/cmtt/m/n/9 are too large for \protect\paperhei
ght\space (\the\paperheight) 
 []


Overfull \hbox (66.64136pt too wide) in paragraph at lines 4745--4745
 [][]                        \T1/cmtt/m/n/9 are too large for \protect\uppermar
gin\space (\the\uppermargin) 
 []


Overfull \hbox (61.91751pt too wide) in paragraph at lines 4745--4745
 [][]                        \T1/cmtt/m/n/9 is too large for \protect\lowermarg
in\space (\the\lowermargin) 
 []

[72] [73] [74] [75] [76] [77] [78] [79] [80] [81]
Overfull \hbox (24.12674pt too wide) in paragraph at lines 5434--5434
 [][]\T1/cmtt/m/n/9 %  \expandafter\edef\csname \m@mhfstyle headrunwidth\endcsn
ame{\the\@tempdima} 
 []


Overfull \hbox (33.57443pt too wide) in paragraph at lines 5434--5434
 [][]\T1/cmtt/m/n/9 %    \expandafter\edef\csname \m@mhfstyle footrunwidth\endc
sname{\the\@tempdima} 
 []


Overfull \hbox (33.57443pt too wide) in paragraph at lines 5434--5434
 [][]\T1/cmtt/m/n/9 %    \expandafter\edef\csname \m@mhfstyle footrunwidth\endc
sname{\the\@tempdima} 
 []


Overfull \hbox (28.85059pt too wide) in paragraph at lines 5434--5434
 [][]\T1/cmtt/m/n/9 %  \expandafter\edef\csname \m@mhfstyle headrunwidth\endcsn
ame{\the\@tempdima}% 
 []


Overfull \hbox (28.85059pt too wide) in paragraph at lines 5434--5434
 [][]\T1/cmtt/m/n/9 %  \expandafter\edef\csname \m@mhfstyle footrunwidth\endcsn
ame{\the\@tempdima}% 
 []

[82] [83]
Overfull \hbox (14.67905pt too wide) in paragraph at lines 5567--5567
 [][]\T1/cmtt/m/n/9 \newcommand{\makepsmarks}[2]{\mem@ps@safe@change{#1}\@named
ef{#1pshook}{#2}} 
 []


Overfull \hbox (0.5075pt too wide) in paragraph at lines 5640--5640
 [][]      \T1/cmtt/m/n/9 \@nameuse{#1evenhpl}\hb@xt@\@nameuse{#1headrunwidth}{
\m@mhe@dreset% 
 []


Overfull \hbox (28.85059pt too wide) in paragraph at lines 5645--5645
 [][]        \T1/cmtt/m/n/9 \rlap{\parbox[\@nameuse{#1headvplacement}]{\@nameus
e{#1headrunwidth}}{% 
 []

[84]
Overfull \hbox (28.85059pt too wide) in paragraph at lines 5650--5650
 [][]              \T1/cmtt/m/n/9 \parbox[\@nameuse{#1headvplacement}]{\@nameus
e{#1headrunwidth}}{% 
 []


Overfull \hbox (28.85059pt too wide) in paragraph at lines 5655--5655
 [][]        \T1/cmtt/m/n/9 \llap{\parbox[\@nameuse{#1headvplacement}]{\@nameus
e{#1headrunwidth}}{% 
 []


Overfull \hbox (28.85059pt too wide) in paragraph at lines 5674--5674
 [][]        \T1/cmtt/m/n/9 \rlap{\parbox[\@nameuse{#1headvplacement}]{\@nameus
e{#1headrunwidth}}{% 
 []


Overfull \hbox (28.85059pt too wide) in paragraph at lines 5674--5674
 [][]              \T1/cmtt/m/n/9 \parbox[\@nameuse{#1headvplacement}]{\@nameus
e{#1headrunwidth}}{% 
 []


Overfull \hbox (28.85059pt too wide) in paragraph at lines 5674--5674
 [][]        \T1/cmtt/m/n/9 \llap{\parbox[\@nameuse{#1headvplacement}]{\@nameus
e{#1headrunwidth}}{% 
 []


Overfull \hbox (0.5075pt too wide) in paragraph at lines 5688--5688
 [][]      \T1/cmtt/m/n/9 \@nameuse{#1evenfpl}\hb@xt@\@nameuse{#1footrunwidth}{
\m@mhe@dreset% 
 []


Overfull \hbox (28.85059pt too wide) in paragraph at lines 5688--5688
 [][]        \T1/cmtt/m/n/9 \rlap{\parbox[\@nameuse{#1footvplacement}]{\@nameus
e{#1footrunwidth}}{% 
 []


Overfull \hbox (28.85059pt too wide) in paragraph at lines 5688--5688
 [][]              \T1/cmtt/m/n/9 \parbox[\@nameuse{#1footvplacement}]{\@nameus
e{#1footrunwidth}}{% 
 []


Overfull \hbox (28.85059pt too wide) in paragraph at lines 5688--5688
 [][]        \T1/cmtt/m/n/9 \llap{\parbox[\@nameuse{#1footvplacement}]{\@nameus
e{#1footrunwidth}}{% 
 []


Overfull \hbox (28.85059pt too wide) in paragraph at lines 5701--5701
 [][]        \T1/cmtt/m/n/9 \rlap{\parbox[\@nameuse{#1footvplacement}]{\@nameus
e{#1footrunwidth}}{% 
 []


Overfull \hbox (28.85059pt too wide) in paragraph at lines 5701--5701
 [][]              \T1/cmtt/m/n/9 \parbox[\@nameuse{#1footvplacement}]{\@nameus
e{#1footrunwidth}}{% 
 []


Overfull \hbox (28.85059pt too wide) in paragraph at lines 5701--5701
 [][]        \T1/cmtt/m/n/9 \llap{\parbox[\@nameuse{#1footvplacement}]{\@nameus
e{#1footrunwidth}}{% 
 []

[85] [86]
Overfull \hbox (24.12674pt too wide) in paragraph at lines 5788--5788
 [][]  \T1/cmtt/m/n/9 \makerunningwidth{#1}[\@nameuse{#2footrunwidth}]{\@nameus
e{#2headrunwidth}}% 
 []


Overfull \hbox (66.64136pt too wide) in paragraph at lines 5802--5802
 [][]  \T1/cmtt/m/n/9 \makeheadfootvposition{#1}{\@nameuse{#2headvplacement}}{\
@nameuse{#2footvplacement}}% 
 []

[87] [88] [89] [90]
Overfull \hbox (52.46982pt too wide) in paragraph at lines 6121--6121
 [][]      \T1/cmtt/m/n/9 \def\tocmark{\markboth{\memUChead{\contentsname}}{\me
mUChead{\contentsname}}}% 
 []


Overfull \hbox (71.3652pt too wide) in paragraph at lines 6121--6121
 [][]      \T1/cmtt/m/n/9 \def\lofmark{\markboth{\memUChead{\listfigurename}}{\
memUChead{\listfigurename}}}% 
 []


Overfull \hbox (61.91751pt too wide) in paragraph at lines 6121--6121
 [][]      \T1/cmtt/m/n/9 \def\lotmark{\markboth{\memUChead{\listtablename}}{\m
emUChead{\listtablename}}}% 
 []


Overfull \hbox (5.23135pt too wide) in paragraph at lines 6121--6121
 [][]      \T1/cmtt/m/n/9 \def\bibmark{\markboth{\memUChead{\bibname}}{\memUChe
ad{\bibname}}}% 
 []


Overfull \hbox (33.57443pt too wide) in paragraph at lines 6121--6121
 [][]      \T1/cmtt/m/n/9 \def\indexmark{\markboth{\memUChead{\indexname}}{\mem
UChead{\indexname}}}% 
 []

[91] [92] [93] [94] [95] [96] [97] [98] [99] [100] [101] [102] [103] [104]
[105] [106] [107] [108] [109] [110] [111] [112] [113] [114] [115] [116]
[117] [118] [119] [120] [121] [122] [123] [124] [125]
Overfull \hbox (24.12674pt too wide) in paragraph at lines 8790--8790
 [][]  \T1/cmtt/m/n/9 \renewcommand*{\printchapternum}{\@hangfrom{\chapnumfont 
\thechapter\quad}}% 
 []

[126] [127] [128] [129]
Overfull \hbox (5.23135pt too wide) in paragraph at lines 9100--9100
 [][]  \T1/cmtt/m/n/9 \renewcommand*{\chapnamefont}{\normalfont\normalsize\scsh
ape\raggedleft} 
 []


Overfull \hbox (57.19366pt too wide) in paragraph at lines 9100--9100
 [][]  \T1/cmtt/m/n/9 \renewcommand*{\chaptitlefont}{\normalfont\normalsize\bfs
eries\sffamily\raggedleft} 
 []

[130]
Overfull \hbox (5.23135pt too wide) in paragraph at lines 9100--9100
 [][]  \T1/cmtt/m/n/9 \renewcommand*{\afterchapternum}{\par\hspace{1.5cm}\hrule
\vspace{0.2cm}} 
 []


Overfull \hbox (28.85059pt too wide) in paragraph at lines 9100--9100
 [][] \T1/cmtt/m/n/9 \renewcommand*{\printchapternonum}{\vphantom{\chapnamefont
 1}\afterchapternum} 
 []


Overfull \hbox (24.12674pt too wide) in paragraph at lines 9131--9131
 [][]    \T1/cmtt/m/n/9 \chapnamefont \phantom{\printchaptername \chapternamenu
m \printchapternum} 
 []


Overfull \hbox (0.5075pt too wide) in paragraph at lines 9162--9162
 [][]  \T1/cmtt/m/n/9 \renewcommand*{\chaptitlefont}{\normalfont\huge\itshape\c
olorchaptitle} 
 []

[131] [132] [133]
Overfull \hbox (47.74597pt too wide) in paragraph at lines 9328--9328
 [][]  \T1/cmtt/m/n/9 \renewcommand*{\printchapternum}{\centering\chapnumfont \
ifanappendix \thechapter 
 []

[134]
Overfull \hbox (19.4029pt too wide) in paragraph at lines 9394--9394
 [][]  \T1/cmtt/m/n/9 \renewcommand*{\printchapternum}{\raggedleft\chapnumfont 
\thechapter\quad}% 
 []

LaTeX Font Info:    Try loading font information for OMS+cmr on input line 9404
.
(/usr/share/texmf-texlive/tex/latex/base/omscmr.fd
File: omscmr.fd 1999/05/25 v2.5h Standard LaTeX font definitions
)
LaTeX Font Info:    Font shape `OMS/cmr/m/n' in size <10> not available
(Font)              Font shape `OMS/cmsy/m/n' tried instead on input line 9404.

 [135] [136] [137] [138]
[139] [140] [141] [142] [143] [144] [145] [146] [147]
Overfull \hbox (9.9552pt too wide) in paragraph at lines 10416--10416
 [][]                       \T1/cmtt/m/n/9 \@plus -0.25\onelineskip \@minus -0.
25\onelineskip}% 
 []


Overfull \hbox (24.12674pt too wide) in paragraph at lines 10416--10416
 [][]                          \T1/cmtt/m/n/9 \@plus -0.25\onelineskip \@minus 
-0.25\onelineskip}% 
 []


Overfull \hbox (9.9552pt too wide) in paragraph at lines 10416--10416
 [][]  \T1/cmtt/m/n/9 \setsubsubsecheadstyle{\normalfont\normalsize\itshape\mem
RTLraggedright}% 
 []

[148]
Overfull \hbox (9.9552pt too wide) in paragraph at lines 10455--10455
 [][]                       \T1/cmtt/m/n/9 \@plus -0.25\onelineskip \@minus -0.
25\onelineskip}% 
 []


Overfull \hbox (66.64136pt too wide) in paragraph at lines 10455--10455
 [][]\T1/cmtt/m/n/9 %%%  \setsubsecheadstyle{\sethangfrom{\noindent ####1}\norm
alfont\itshape\raggedright}% 
 []


Overfull \hbox (80.8129pt too wide) in paragraph at lines 10455--10455
 [][]  \T1/cmtt/m/n/9 \setsubsecheadstyle{\sethangfrom{\noindent ####1}\normalf
ont\itshape\memRTLraggedright}% 
 []


Overfull \hbox (5.23135pt too wide) in paragraph at lines 10455--10455
 [][]                          \T1/cmtt/m/n/9 \@plus 0.5\onelineskip \@minus 0.
2\onelineskip}% 
 []


Overfull \hbox (9.9552pt too wide) in paragraph at lines 10490--10490
 [][]                       \T1/cmtt/m/n/9 \@plus -0.25\onelineskip \@minus -0.
25\onelineskip}% 
 []

[149]
Overfull \hbox (24.12674pt too wide) in paragraph at lines 10490--10490
 [][]                          \T1/cmtt/m/n/9 \@plus -0.25\onelineskip \@minus 
-0.25\onelineskip}% 
 []


Overfull \hbox (38.29828pt too wide) in paragraph at lines 10490--10490
 [][]  \T1/cmtt/m/n/9 \setsubsubsecheadstyle{\normalfont\normalsize\centering\s
cshape\MakeLowercase}% 
 []


Overfull \hbox (0.5075pt too wide) in paragraph at lines 10490--10490
 [][]                     \T1/cmtt/m/n/9 \@plus -02.5\onelineskip \@minus -0.25
\onelineskip}% 
 []


Overfull \hbox (9.9552pt too wide) in paragraph at lines 10526--10526
 [][]                       \T1/cmtt/m/n/9 \@plus -0.25\onelineskip \@minus -0.
25\onelineskip}% 
 []


Overfull \hbox (24.12674pt too wide) in paragraph at lines 10526--10526
 [][]                          \T1/cmtt/m/n/9 \@plus -0.25\onelineskip \@minus 
-0.25\onelineskip}% 
 []

[150]
Overfull \hbox (5.23135pt too wide) in paragraph at lines 10565--10565
 [][]  \T1/cmtt/m/n/9 \setsecheadstyle{\normalfont\Large\sffamily\bfseries\memR
TLraggedright}% 
 []


Overfull \hbox (5.23135pt too wide) in paragraph at lines 10565--10565
 [][]\T1/cmtt/m/n/9 %%%  \setsubsecheadstyle{\normalfont\large\sffamily\bfserie
s\raggedright}% 
 []


Overfull \hbox (19.4029pt too wide) in paragraph at lines 10565--10565
 [][]  \T1/cmtt/m/n/9 \setsubsecheadstyle{\normalfont\large\sffamily\bfseries\m
emRTLraggedright}% 
 []


Overfull \hbox (43.02213pt too wide) in paragraph at lines 10565--10565
 [][]\T1/cmtt/m/n/9 %%%  \setsubsubsecheadstyle{\normalfont\normalsize\sffamily
\bfseries\raggedright}% 
 []


Overfull \hbox (57.19366pt too wide) in paragraph at lines 10565--10565
 [][]  \T1/cmtt/m/n/9 \setsubsubsecheadstyle{\normalfont\normalsize\sffamily\bf
series\memRTLraggedright}% 
 []

[151]
Overfull \hbox (9.9552pt too wide) in paragraph at lines 10603--10603
 [][]                          \T1/cmtt/m/n/9 \@plus -.5\onelineskip \@minus -.
25\onelineskip}% 
 []


Overfull \hbox (9.9552pt too wide) in paragraph at lines 10643--10643
 [][]                       \T1/cmtt/m/n/9 \@plus -0.25\onelineskip \@minus -0.
25\onelineskip}% 
 []


Overfull \hbox (24.12674pt too wide) in paragraph at lines 10643--10643
 [][]                          \T1/cmtt/m/n/9 \@plus -0.25\onelineskip \@minus 
-0.25\onelineskip}% 
 []


Overfull \hbox (0.5075pt too wide) in paragraph at lines 10643--10643
 [][]\T1/cmtt/m/n/9 %%%  \setsubsubsecheadstyle{\normalfont\normalsize\bfseries
\raggedright}% 
 []


Overfull \hbox (14.67905pt too wide) in paragraph at lines 10643--10643
 [][]  \T1/cmtt/m/n/9 \setsubsubsecheadstyle{\normalfont\normalsize\bfseries\me
mRTLraggedright}% 
 []

[152]
Overfull \hbox (9.9552pt too wide) in paragraph at lines 10683--10683
 [][]                       \T1/cmtt/m/n/9 \@plus -0.25\onelineskip \@minus -0.
25\onelineskip}% 
 []


Overfull \hbox (24.12674pt too wide) in paragraph at lines 10683--10683
 [][]                          \T1/cmtt/m/n/9 \@plus -0.25\onelineskip \@minus 
-0.25\onelineskip}% 
 []


Overfull \hbox (61.91751pt too wide) in paragraph at lines 10683--10683
 [][]\T1/cmtt/m/n/9 %%%  \setsubsubsecheadstyle{\normalfont\normalsize\raggedri
ght\scshape\MakeLowercase}% 
 []


Overfull \hbox (76.08905pt too wide) in paragraph at lines 10683--10683
 [][]  \T1/cmtt/m/n/9 \setsubsubsecheadstyle{\normalfont\normalsize\memRTLragge
dright\scshape\MakeLowercase}% 
 []

[153] [154] [155] [156] [157] [158] [159] [160] [161] [162] [163] [164]
[165] [166] [167] [168] [169] [170] [171]
Overfull \hbox (117.38464pt too wide) in paragraph at lines 12197--12203
[]\T1/cmtt/m/n/10 \begin{flexlabelled}{labelcode}{labelwidth}{labelsep}{itemind
ent}{leftmargin}{rightmargin} 
 []

[172] [173] [174] [175] [176] [177]
Overfull \hbox (14.67905pt too wide) in paragraph at lines 12651--12651
 [][]\T1/cmtt/m/n/9 \newif\ifbvcountlines%  TRUE to print line numbers of (boxe
d) verbatim lines 
 []

[178] [179] [180] [181] [182] [183] [184] [185] [186] [187] [188]
Overfull \hbox (0.5075pt too wide) in paragraph at lines 13583--13583
 [][]  \T1/cmtt/m/n/9 \ifheadnameref\M@gettitle{\poemf@rhdr}\else\M@gettitle{\p
oemf@rtoc}\fi} 
 []

[189] [190] [191] [192] [193] [194] [195] [196] [197] [198] [199] [200]
[201] [202] [203] [204]
LaTeX Font Info:    Font shape `T1/cmtt/bx/n' in size <10> not available
(Font)              Font shape `T1/cmtt/m/n' tried instead on input line 14823.

 [205] [206] [207] [208] [209] [210] [211] [212]
[213] [214] [215] [216] [217] [218] [219] [220] [221] [222] [223] [224]
[225] [226] [227] [228] [229] [230] [231] [232] [233] [234] [235] [236]
[237] [238] [239] [240] [241] [242] [243] [244] [245] [246] [247] [248]
[249] [250]
Overfull \hbox (9.9552pt too wide) in paragraph at lines 18242--18242
 [][]                     \T1/cmtt/m/n/9 \hangafter=\@ne\@conttfont #2\@contfin
al\par}% <- v1.4 
 []

[251] [252] [253] [254] [255] [256] [257] [258] [259] [260] [261] [262]
[263] [264]
Overfull \hbox (24.12674pt too wide) in paragraph at lines 19281--19281
 [][]        \T1/cmtt/m/n/9 \@memerror{Argument to \string\setsidecappos\space 
is not t or c or b. 
 []

[265] [266]
Overfull \hbox (27.63156pt too wide) in paragraph at lines 19424--19424
[]   \T1/cmtt/m/n/9 \renewcommand\@mem@scap@beforehook{\checkoddpage\ifoddpage\
else\raggedleft\fi}[] 
 []

[267] [268] [269] [270] [271] [272] [273] [274] [275] [276] [277] [278]
[279] [280]
Overfull \hbox (24.12674pt too wide) in paragraph at lines 20531--20531
 [][]\T1/cmtt/m/n/9 \DeclareRobustCommand\titleref{\@ifstar{\@mem@titlerefnolin
k}{\@mem@titleref}} 
 []

[281] [282] [283] [284] [285] [286] [287] [288]
Overfull \hbox (0.5075pt too wide) in paragraph at lines 21182--21182
 [][]       \T1/cmtt/m/n/9 \settowidth{\@tempdima}{\@nameuse{cft#2font}\@nameus
e{cft#2name}}% 
 []


Overfull \hbox (0.5075pt too wide) in paragraph at lines 21182--21182
 [][] \T1/cmtt/m/n/9 \expandafter\let\expandafter\@cftasnumb\csname cft#2afters
numb\endcsname 
 []

[289]
Overfull \hbox (19.4029pt too wide) in paragraph at lines 21189--21189
 [][]       \T1/cmtt/m/n/9 \advance\memRTLleftskip\@tempdima \null\nobreak\hski
p -\memRTLleftskip 
 []

[290] [291]
Overfull \hbox (24.12674pt too wide) in paragraph at lines 21384--21384
 [][]       \T1/cmtt/m/n/9 \advance\memRTLleftskip \@tempdima \null\nobreak\hsk
ip -\memRTLleftskip 
 []

[292]
Overfull \hbox (24.12674pt too wide) in paragraph at lines 21497--21497
 [][]       \T1/cmtt/m/n/9 \advance\memRTLleftskip \@tempdima \null\nobreak\hsk
ip -\memRTLleftskip 
 []

[293] [294]
Overfull \hbox (14.67905pt too wide) in paragraph at lines 21635--21635
 [][]     \T1/cmtt/m/n/9 \advance\memRTLleftskip \@tempdima \null\nobreak\hskip
 -\memRTLleftskip 
 []

[295] [296] [297] [298] [299] [300] [301] [302] [303] [304] [305] [306]
[307]
Overfull \hbox (14.67905pt too wide) in paragraph at lines 22731--22731
 [][]    \T1/cmtt/m/n/9 \expandafter\immediate\openout \csname #1@idxfile\endcs
name #1.idx\relax 
 []

[308] [309] [310] [311] [312] [313] [314] [315] [316]
Overfull \hbox (24.12674pt too wide) in paragraph at lines 23363--23363
 [][]    \T1/cmtt/m/n/9 \expandafter\immediate\openout \csname #1memglofile\end
csname #1.glo\relax 
 []

[317]
Overfull \hbox (189.46136pt too wide) in paragraph at lines 23439--23439
 [][]    \T1/cmtt/m/n/9 {\string\@@wrglom@m{\memglofile}{#1}{#2}{#3}{\@nameuse{
memglsnx\memglofile}}{\@nameuse{memglsn\memglofile}}}% 
 []

[318]
Overfull \hbox (49.1513pt too wide) in paragraph at lines 23478--23478
[][]\T1/cmtt/m/n/10 \glossaryentry{key@{\memgloterm{term} \memglodesc{desc} \me
mgloref{ref}}{num}  
 []


Overfull \hbox (38.29828pt too wide) in paragraph at lines 23493--23493
 [][]  \T1/cmtt/m/n/9 \immediate\write \memglofile{\string\glossaryentry{#1\@na
meuse{memglsact\m@mgf} 
 []


Overfull \hbox (9.9552pt too wide) in paragraph at lines 23493--23493
 [][]                    \T1/cmtt/m/n/9 {\string\memgloref{#4}}\@nameuse{memgls
nf\m@mgf}}{#5}}% 
 []

[319] [320] [321] [322]
Overfull \hbox (5.23135pt too wide) in paragraph at lines 23811--23811
 [][]    \T1/cmtt/m/n/9 \@memwarn{Bad \string\marginparmargin\space argument `#
1'\MessageBreak 
 []

[323] [324] [325] [326]
Overfull \hbox (9.9552pt too wide) in paragraph at lines 24064--24064
 [][]\T1/cmtt/m/n/9 %%%%  \setlength{\sideparvshift}{-2.08ex}% seems to work fo
r all font sizes 
 []

[327] [328]
Overfull \hbox (24.12674pt too wide) in paragraph at lines 24233--24233
 [][]\T1/cmtt/m/n/9 %%%%      \@memerror{\protect\sidebarheight\space is zero o
r negative}{\@ehd}% 
 []

[329]
Overfull \hbox (52.46982pt too wide) in paragraph at lines 24255--24255
 [][]  \T1/cmtt/m/n/9 % \ifmemtortm\memRTLrightskip=\z@ \@plus 2em\else\memRTLl
eftskip=\z@ \@plus 2em\fi 
 []

[330]
Overfull \hbox (19.4029pt too wide) in paragraph at lines 24354--24354
 [][]    \T1/cmtt/m/n/9 \normalsize\normalfont\sidebarfont% select font so we k
now the strut size 
 []

[331] [332] [333] [334]

LaTeX Warning: Marginpar on page 335 moved.


LaTeX Warning: Marginpar on page 335 moved.


LaTeX Warning: Marginpar on page 335 moved.

[335] [336] [337] [338] [339] [340]
Overfull \hbox (1.91284pt too wide) in paragraph at lines 25027--25029
[][]\T1/cmtt/m/n/10 \setfootnoterule[\vfill]{3pt}{0.4\columnwidth}{\normalrulet
hickness}  
 []

[341] [342] [343]
Overfull \hbox (9.9552pt too wide) in paragraph at lines 25277--25277
 [][]     \T1/cmtt/m/n/9 \expandafter\let\expandafter\@t@mp \csname @mpfootnote
text#1\endcsname 
 []

[344]
Overfull \hbox (57.19366pt too wide) in paragraph at lines 25331--25331
 [][]      \T1/cmtt/m/n/9 \rule\z@\footnotesep\ignorespaces{\@nameuse{foottextf
ont#1}##1}% <- v1.6180339a 
 []


Overfull \hbox (66.64136pt too wide) in paragraph at lines 25353--25353
 [][]        \T1/cmtt/m/n/9 \rule\z@\footnotesep\ignorespaces{\@nameuse{foottex
tfont#1}##1}% <- v1.6180339a 
 []

[345] [346] [347] [348] [349] [350] [351] [352] [353] [354] [355] [356]
[357] [358] [359] [360] [361] [362] [363]
Overfull \hbox (0.5075pt too wide) in paragraph at lines 26662--26662
 [][]    \T1/cmtt/m/n/9 \@memwarn{Bad \string\sidefootmargin\space argument `#1
'\MessageBreak 
 []

[364]
Overfull \hbox (9.9552pt too wide) in paragraph at lines 26757--26757
 [][]      \T1/cmtt/m/n/9 \@memerror{\protect\sidefootheight\space is zero or n
egative}{\@ehd}% 
 []

[365] [366] [367] [368] [369] [370]
Overfull \hbox (38.29828pt too wide) in paragraph at lines 27134--27134
 [][]      \T1/cmtt/m/n/9 \hb@xt@\sidefootmarkwidth{\hss\normalfont\sidefootscr
ipt{\@thesidefnmark}}% 
 []


Overfull \hbox (9.9552pt too wide) in paragraph at lines 27153--27153
 [][]  \T1/cmtt/m/n/9 \advance\leftskip \sidefootmarkwidth \null\nobreak\hskip 
-\leftskip\relax 
 []

[371] [372]
Overfull \hbox (5.23135pt too wide) in paragraph at lines 27330--27330
 [][]    \T1/cmtt/m/n/9 \addtonotes{\string\pagenotesubhead{\@chapapp}{\thechap
ter}{\pnchap}}% 
 []

[373]
Overfull \hbox (14.67905pt too wide) in paragraph at lines 27384--27384
 [][] \T1/cmtt/m/n/9 \IfFileExists{\jobname.ent}{\m@m@pnwrite\@notefile{}{#1}}{
\mempnofilewarn}% 
 []

[374]
Overfull \hbox (14.67905pt too wide) in paragraph at lines 27487--27487
 [][]\T1/cmtt/m/n/9 \newcommand*{\printpagenotes}{\@ifstar{\@sprintpagenotes}{\
@printpagenotes}} 
 []

[375] [376] [377] [378] [379] [380] [381] [382] [383]
Overfull \hbox (16.29822pt too wide) in paragraph at lines 28078--28082
[]\T1/cmtt/m/n/10 \mem@oldshipout\vbox{\trimmarks\ifvbox\@cclv\unvbox\else\box\
fi\@cclv}\T1/cmr/m/n/10 ) 
 []

[384] [385] [386] [387] [388] [389] [390]
Overfull \hbox (0.5075pt too wide) in paragraph at lines 28653--28653
 [][]  \T1/cmtt/m/n/9 \expandafter\def\csname #1\endcsname{\@bsphack\setupcomme
nt\verbatim@}% 
 []

[391] [392] [393] [394] [395] [396] [397] [398] [399] [400] [401] [402]
[403] [404] [405] [406]
Overfull \hbox (28.85059pt too wide) in paragraph at lines 29853--29853
 [][]    \T1/cmtt/m/n/9 \bvleftsidehook\vbox{\advance% \hsize-.8\p@ \@@line % c
hanged to \linewidth 
 []

[407] [408] [409] [410] [411] [412] [413]
Overfull \hbox (5.23135pt too wide) in paragraph at lines 30281--30281
 [][]  \T1/cmtt/m/n/9 \dimen@\pagegoal \advance\dimen@-\pagetotal % natural spa
ce left on page 
 []


Overfull \hbox (0.5075pt too wide) in paragraph at lines 30281--30281
 [][]     \T1/cmtt/m/n/9 \advance\dimen@-\fb@frh\relax % space available for fr
ame's contents 
 []


Overfull \hbox (9.9552pt too wide) in paragraph at lines 30308--30308
 [][]        \T1/cmtt/m/n/9 \setbox\@tempboxa\vbox{% simulate frame and flexibl
ity of the page: 
 []

[414]
Overfull \hbox (28.85059pt too wide) in paragraph at lines 30369--30369
 [][]           \T1/cmtt/m/n/9 \egroup \fb@resto@set \eject % (\vskip for frame
 size was discarded) 
 []

[415]
Overfull \hbox (10.55298pt too wide) in paragraph at lines 30371--30371
[]\T1/cmr/m/n/10 ad 
 []


Overfull \hbox (19.4029pt too wide) in paragraph at lines 30387--30387
 [][]                \T1/cmtt/m/n/9 \memfblineboxtwo{#2{\box\tw@}}%  ??? \cente
rline bad idea? \\ 
 []

[416] [417] [418]
Overfull \hbox (14.67905pt too wide) in paragraph at lines 30645--30645
 [][]    \T1/cmtt/m/n/9 \hskip\@totalleftmargin\fbox{##1}% There is no \@totalr
ightmargin, so... 
 []

[419] [420] [421] [422] [423] [424] [425] [426] [427] [428] [429] [430]
[431] [432] [433] [434] [435] [436] [437] [438] [439] [440] [441] [442]
[443] [444] [445] [446] [447] [448] [449] [450] [451] [452] [453] [454]
[455] [456] [457] [458] [459] [460]
Overfull \hbox (0.5075pt too wide) in paragraph at lines 33633--33633
 [][]\T1/cmtt/m/n/9 %%%%% basic.gst    basic makeindex glossary configuration f
ile for memoir 
 []

[461] [462] [463]
*******************
* Checksum passed *
*******************
)
No file memoir.ind.
[464] (./memoir.aux) ) 
Here is how much of TeX's memory you used:
 1059 strings out of 95087
 12380 string characters out of 1183278
 94290 words of memory out of 1500000
 4231 multiletter control sequences out of 10000+50000
 32026 words of font info for 67 fonts, out of 1200000 for 2000
 28 hyphenation exceptions out of 8191
 30i,9n,22p,233b,951s stack positions out of 5000i,500n,6000p,200000b,5000s

Output written on memoir.dvi (464 pages, 1313416 bytes).
